# JRE version: Java(TM) SE Runtime Environment (9.0+11) (build 9.0.4+11)
# Java VM: Java HotSpot(TM) 64-Bit Server VM (9.0.4+11, mixed mode, tiered, compressed oops, g1 gc, windows-amd64)
Heap:
 garbage-first heap   total 208896K, used 135749K [0x0000000700000000, 0x0000000700100660, 0x00000007c0000000)
  region size 1024K, 46 young (47104K), 1 survivors (1024K)
 Metaspace       used 87633K, capacity 94482K, committed 94720K, reserved 1130496K
  class space    used 12104K, capacity 13265K, committed 13312K, reserved 1048576K
GC Heap History (10 events):
Event: 2075.366 GC heap before
{Heap before GC invocations=278 (full 13):
 garbage-first heap   total 208896K, used 150945K [0x0000000700000000, 0x0000000700100660, 0x00000007c0000000)
  region size 1024K, 60 young (61440K), 1 survivors (1024K)
 Metaspace       used 87532K, capacity 94418K, committed 94720K, reserved 1130496K
  class space    used 12092K, capacity 13265K, committed 13312K, reserved 1048576K
}
Event: 2075.370 GC heap after
{Heap after GC invocations=279 (full 13):
 garbage-first heap   total 208896K, used 90441K [0x0000000700000000, 0x0000000700100660, 0x00000007c0000000)
  region size 1024K, 1 young (1024K), 1 survivors (1024K)
 Metaspace       used 87532K, capacity 94418K, committed 94720K, reserved 1130496K
  class space    used 12092K, capacity 13265K, committed 13312K, reserved 1048576K
}
Event: 2075.801 GC heap before
{Heap before GC invocations=279 (full 13):
 garbage-first heap   total 208896K, used 150857K [0x0000000700000000, 0x0000000700100660, 0x00000007c0000000)
  region size 1024K, 60 young (61440K), 1 survivors (1024K)
 Metaspace       used 87532K, capacity 94418K, committed 94720K, reserved 1130496K
  class space    used 12092K, capacity 13265K, committed 13312K, reserved 1048576K
}
Event: 2075.803 GC heap after
{Heap after GC invocations=280 (full 13):
 garbage-first heap   total 208896K, used 90410K [0x0000000700000000, 0x0000000700100660, 0x00000007c0000000)
  region size 1024K, 1 young (1024K), 1 survivors (1024K)
 Metaspace       used 87532K, capacity 94418K, committed 94720K, reserved 1130496K
  class space    used 12092K, capacity 13265K, committed 13312K, reserved 1048576K
}
Event: 2076.678 GC heap before
{Heap before GC invocations=280 (full 13):
 garbage-first heap   total 208896K, used 150826K [0x0000000700000000, 0x0000000700100660, 0x00000007c0000000)
  region size 1024K, 60 young (61440K), 1 survivors (1024K)
 Metaspace       used 87534K, capacity 94418K, committed 94720K, reserved 1130496K
  class space    used 12092K, capacity 13265K, committed 13312K, reserved 1048576K
}
Event: 2076.681 GC heap after
{Heap after GC invocations=281 (full 13):
 garbage-first heap   total 208896K, used 90434K [0x0000000700000000, 0x0000000700100660, 0x00000007c0000000)
  region size 1024K, 1 young (1024K), 1 survivors (1024K)
 Metaspace       used 87534K, capacity 94418K, committed 94720K, reserved 1130496K
  class space    used 12092K, capacity 13265K, committed 13312K, reserved 1048576K
}
Event: 2078.432 GC heap before
{Heap before GC invocations=281 (full 13):
 garbage-first heap   total 208896K, used 150850K [0x0000000700000000, 0x0000000700100660, 0x00000007c0000000)
  region size 1024K, 60 young (61440K), 1 survivors (1024K)
 Metaspace       used 87534K, capacity 94418K, committed 94720K, reserved 1130496K
  class space    used 12092K, capacity 13265K, committed 13312K, reserved 1048576K
}
Event: 2078.435 GC heap after
{Heap after GC invocations=282 (full 13):
 garbage-first heap   total 208896K, used 90427K [0x0000000700000000, 0x0000000700100660, 0x00000007c0000000)
  region size 1024K, 1 young (1024K), 1 survivors (1024K)
 Metaspace       used 87534K, capacity 94418K, committed 94720K, reserved 1130496K
  class space    used 12092K, capacity 13265K, committed 13312K, reserved 1048576K
}
Event: 2080.914 GC heap before
{Heap before GC invocations=282 (full 13):
 garbage-first heap   total 208896K, used 150843K [0x0000000700000000, 0x0000000700100660, 0x00000007c0000000)
  region size 1024K, 60 young (61440K), 1 survivors (1024K)
 Metaspace       used 87560K, capacity 94418K, committed 94720K, reserved 1130496K
  class space    used 12092K, capacity 13265K, committed 13312K, reserved 1048576K
}
Event: 2080.918 GC heap after
{Heap after GC invocations=283 (full 13):
 garbage-first heap   total 208896K, used 90693K [0x0000000700000000, 0x0000000700100660, 0x00000007c0000000)
  region size 1024K, 1 young (1024K), 1 survivors (1024K)
 Metaspace       used 87560K, capacity 94418K, committed 94720K, reserved 1130496K
  class space    used 12092K, capacity 13265K, committed 13312K, reserved 1048576K
}

